<?xml version="1.0" encoding="UTF-8"?>
<testng-results ignored="0" total="1" passed="1" failed="0" skipped="0">
  <reporter-output>
  </reporter-output>
  <suite started-at="2024-07-31T22:51:25 IST" name="Default suite" finished-at="2024-07-31T22:51:45 IST" duration-ms="20199">
    <groups>
    </groups>
    <test started-at="2024-07-31T22:51:25 IST" name="Default test" finished-at="2024-07-31T22:51:45 IST" duration-ms="20199">
      <class name="com.sdet.TC_Login">
        <test-method signature="login_Test()[pri:0, instance:com.sdet.TC_Login@56de5251]" started-at="2024-07-31T22:51:25 IST" name="login_Test" finished-at="2024-07-31T22:51:45 IST" duration-ms="20181" status="PASS">
          <reporter-output>
          </reporter-output>
        </test-method> <!-- login_Test -->
      </class> <!-- com.sdet.TC_Login -->
    </test> <!-- Default test -->
  </suite> <!-- Default suite -->
</testng-results>
